<?xml version="1.0" encoding="UTF-8"?>
<testng-results ignored="0" total="2" passed="2" failed="0" skipped="0">
  <reporter-output>
  </reporter-output>
  <suite started-at="2025-07-28T15:37:57 IST" name="Suite" finished-at="2025-07-28T15:38:43 IST" duration-ms="45599">
    <groups>
    </groups>
    <test started-at="2025-07-28T15:37:57 IST" name="Test" finished-at="2025-07-28T15:38:43 IST" duration-ms="45599">
      <class name="com.assignments.test.ProductTest">
        <test-method is-config="true" signature="setup()[pri:0, instance:com.assignments.test.ProductTest@15de0b3c]" started-at="2025-07-28T15:38:10 IST" name="setup" finished-at="2025-07-28T15:38:19 IST" duration-ms="9255" status="PASS">
          <reporter-output>
          </reporter-output>
        </test-method> <!-- setup -->
        <test-method signature="TestLogin()[pri:0, instance:com.assignments.test.ProductTest@15de0b3c]" started-at="2025-07-28T15:38:19 IST" name="TestLogin" finished-at="2025-07-28T15:38:42 IST" duration-ms="23279" status="PASS">
          <reporter-output>
          </reporter-output>
        </test-method> <!-- TestLogin -->
        <test-method is-config="true" signature="close()[pri:0, instance:com.assignments.test.ProductTest@15de0b3c]" started-at="2025-07-28T15:38:42 IST" name="close" finished-at="2025-07-28T15:38:43 IST" duration-ms="391" status="PASS">
          <reporter-output>
          </reporter-output>
        </test-method> <!-- close -->
      </class> <!-- com.assignments.test.ProductTest -->
      <class name="com.assignments.test.LoginTest">
        <test-method is-config="true" signature="setup()[pri:0, instance:com.assignments.test.LoginTest@1d296da]" started-at="2025-07-28T15:37:57 IST" name="setup" finished-at="2025-07-28T15:38:05 IST" duration-ms="8113" status="PASS">
          <reporter-output>
          </reporter-output>
        </test-method> <!-- setup -->
        <test-method signature="TestLogin()[pri:0, instance:com.assignments.test.LoginTest@1d296da]" started-at="2025-07-28T15:38:05 IST" name="TestLogin" finished-at="2025-07-28T15:38:09 IST" duration-ms="3951" status="PASS">
          <reporter-output>
          </reporter-output>
        </test-method> <!-- TestLogin -->
        <test-method is-config="true" signature="close()[pri:0, instance:com.assignments.test.LoginTest@1d296da]" started-at="2025-07-28T15:38:09 IST" name="close" finished-at="2025-07-28T15:38:10 IST" duration-ms="477" status="PASS">
          <reporter-output>
          </reporter-output>
        </test-method> <!-- close -->
      </class> <!-- com.assignments.test.LoginTest -->
    </test> <!-- Test -->
  </suite> <!-- Suite -->
</testng-results>
